<?xml version="1.0" encoding="UTF-8"?>
<testsuite name="com.mihyun.book.springboot.web.dto.HelloResponseDtoTest" tests="1" skipped="0" failures="0" errors="0" timestamp="2020-12-09T13:58:17" hostname="AL01540904.local" time="0.045">
  <properties/>
  <testcase name="testLombok" classname="com.mihyun.book.springboot.web.dto.HelloResponseDtoTest" time="0.045"/>
  <system-out><![CDATA[]]></system-out>
  <system-err><![CDATA[]]></system-err>
</testsuite>
